0 info it worked if it ends with ok
1 verbose cli [ '/Users/gillinghammer/.nvm/versions/v5.12.0/bin/node',
1 verbose cli   '/Users/gillinghammer/.nvm/versions/v5.12.0/bin/npm',
1 verbose cli   'start' ]
2 info using npm@4.1.0
3 info using node@v5.12.0
4 verbose run-script [ 'prestart', 'start', 'poststart' ]
5 info lifecycle instaplan@0.0.1~prestart: instaplan@0.0.1
6 silly lifecycle instaplan@0.0.1~prestart: no script for prestart, continuing
7 info lifecycle instaplan@0.0.1~start: instaplan@0.0.1
8 verbose lifecycle instaplan@0.0.1~start: unsafe-perm in lifecycle true
9 verbose lifecycle instaplan@0.0.1~start: PATH: /Users/gillinghammer/.nvm/versions/v5.12.0/lib/node_modules/npm/bin/node-gyp-bin:/Users/gillinghammer/code/instaplan/node_modules/.bin:/Users/gillinghammer/.rbenv/shims:/Users/gillinghammer/.nvm/versions/v5.12.0/bin:/usr/local/heroku/bin:/opt/local/bin:/opt/local/sbin:/usr/local/bin:/usr/bin:/bin:/usr/sbin:/sbin:/Applications/Postgres.app/Contents/Versions/9.4/bin:/Applications/SublimeText.app/Contents/SharedSupport/bin:/Users/gillinghammer/.rvm/bin
10 verbose lifecycle instaplan@0.0.1~start: CWD: /Users/gillinghammer/code/instaplan
11 silly lifecycle instaplan@0.0.1~start: Args: [ '-c', 'grunt deploy' ]
12 silly lifecycle instaplan@0.0.1~start: Returned: code: 3  signal: null
13 info lifecycle instaplan@0.0.1~start: Failed to exec start script
14 verbose stack Error: instaplan@0.0.1 start: `grunt deploy`
14 verbose stack Exit status 3
14 verbose stack     at EventEmitter.<anonymous> (/Users/gillinghammer/.nvm/versions/v5.12.0/lib/node_modules/npm/lib/utils/lifecycle.js:279:16)
14 verbose stack     at emitTwo (events.js:100:13)
14 verbose stack     at EventEmitter.emit (events.js:185:7)
14 verbose stack     at ChildProcess.<anonymous> (/Users/gillinghammer/.nvm/versions/v5.12.0/lib/node_modules/npm/lib/utils/spawn.js:40:14)
14 verbose stack     at emitTwo (events.js:100:13)
14 verbose stack     at ChildProcess.emit (events.js:185:7)
14 verbose stack     at maybeClose (internal/child_process.js:850:16)
14 verbose stack     at Process.ChildProcess._handle.onexit (internal/child_process.js:215:5)
15 verbose pkgid instaplan@0.0.1
16 verbose cwd /Users/gillinghammer/code/instaplan
17 error Darwin 16.5.0
18 error argv "/Users/gillinghammer/.nvm/versions/v5.12.0/bin/node" "/Users/gillinghammer/.nvm/versions/v5.12.0/bin/npm" "start"
19 error node v5.12.0
20 error npm  v4.1.0
21 error code ELIFECYCLE
22 error instaplan@0.0.1 start: `grunt deploy`
22 error Exit status 3
23 error Failed at the instaplan@0.0.1 start script 'grunt deploy'.
23 error Make sure you have the latest version of node.js and npm installed.
23 error If you do, this is most likely a problem with the instaplan package,
23 error not with npm itself.
23 error Tell the author that this fails on your system:
23 error     grunt deploy
23 error You can get information on how to open an issue for this project with:
23 error     npm bugs instaplan
23 error Or if that isn't available, you can get their info via:
23 error     npm owner ls instaplan
23 error There is likely additional logging output above.
24 verbose exit [ 1, true ]
